<?xml version="1.0" encoding="UTF-8"?>
<!-- Generated by org.testng.reporters.JUnitReportReporter -->
<testsuite skipped="2" hostname="DESKTOP-CV56B7B" name="com.qa.ecommerce.testscripts.SearchPageTest" tests="3" failures="0" timestamp="21 Feb 2019 18:53:05 GMT" time="41.758" errors="0">
  <testcase name="lowestPriceSelectionTest" time="41.758" classname="com.qa.ecommerce.testscripts.SearchPageTest"/>
  <testcase name="verifyCompareTest" classname="com.qa.ecommerce.testscripts.SearchPageTest">
    <skipped/>
  </testcase> <!-- verifyCompareTest -->
  <testcase name="SearchBoxTest" classname="com.qa.ecommerce.testscripts.SearchPageTest">
    <skipped/>
  </testcase> <!-- SearchBoxTest -->
</testsuite> <!-- com.qa.ecommerce.testscripts.SearchPageTest -->
