<?xml version="1.0" encoding="UTF-8"?>
<!-- Generated by org.testng.reporters.JUnitReportReporter -->
<testsuite skipped="1" hostname="DESKTOP-CV56B7B" name="com.qa.ecommerce.testscripts.ContactusPageTest" tests="2" failures="0" timestamp="21 Feb 2019 18:30:03 GMT" time="30.788" errors="0">
  <testcase name="sendMessageTest" time="30.788" classname="com.qa.ecommerce.testscripts.ContactusPageTest"/>
  <testcase name="verifyContactUsTitleTest" classname="com.qa.ecommerce.testscripts.ContactusPageTest">
    <skipped/>
  </testcase> <!-- verifyContactUsTitleTest -->
</testsuite> <!-- com.qa.ecommerce.testscripts.ContactusPageTest -->
