<?xml version="1.0" encoding="UTF-8"?>
<!-- Generated by org.testng.reporters.JUnitReportReporter -->
<testsuite skipped="0" hostname="DESKTOP-CV56B7B" name="com.qa.ecommerce.testscripts.DressesPagesTest" tests="1" failures="0" timestamp="21 Feb 2019 18:27:56 GMT" time="12.519" errors="0">
  <testcase name="verifyDressesLabelsTest" time="12.519" classname="com.qa.ecommerce.testscripts.DressesPagesTest"/>
</testsuite> <!-- com.qa.ecommerce.testscripts.DressesPagesTest -->
