<?xml version="1.0" encoding="UTF-8"?>
<!-- Generated by org.testng.reporters.JUnitReportReporter -->
<testsuite skipped="0" hostname="DESKTOP-CV56B7B" name="com.qa.ecommerce.testscripts.VerifyBrokenLinksTest" tests="1" failures="0" timestamp="21 Feb 2019 18:56:51 GMT" time="115.947" errors="0">
  <testcase name="BrokenlinksTest" time="115.947" classname="com.qa.ecommerce.testscripts.VerifyBrokenLinksTest"/>
</testsuite> <!-- com.qa.ecommerce.testscripts.VerifyBrokenLinksTest -->
