<?xml version="1.0" encoding="UTF-8"?>
<!-- Generated by org.testng.reporters.JUnitReportReporter -->
<testsuite skipped="2" hostname="DESKTOP-CV56B7B" name="com.qa.ecommerce.testscripts.MyAddressesTest" tests="3" failures="0" timestamp="21 Feb 2019 18:36:48 GMT" time="24.455" errors="0">
  <testcase name="addAddressNoDeleteTest" time="24.455" classname="com.qa.ecommerce.testscripts.MyAddressesTest"/>
  <testcase name="updateAddressTest" classname="com.qa.ecommerce.testscripts.MyAddressesTest">
    <skipped/>
  </testcase> <!-- updateAddressTest -->
  <testcase name="addanaddressTest" classname="com.qa.ecommerce.testscripts.MyAddressesTest">
    <skipped/>
  </testcase> <!-- addanaddressTest -->
</testsuite> <!-- com.qa.ecommerce.testscripts.MyAddressesTest -->
