<?xml version="1.0" encoding="UTF-8"?>
<!-- Generated by org.testng.reporters.JUnitReportReporter -->
<testsuite skipped="2" hostname="DESKTOP-CV56B7B" name="com.qa.ecommerce.testscripts.RegistrationPageTest" tests="3" failures="0" timestamp="21 Feb 2019 18:51:16 GMT" time="198.543" errors="0">
  <testcase name="RegnTest" time="198.543" classname="com.qa.ecommerce.testscripts.RegistrationPageTest"/>
  <testcase name="verifypersonalInfoLabel" classname="com.qa.ecommerce.testscripts.RegistrationPageTest">
    <skipped/>
  </testcase> <!-- verifypersonalInfoLabel -->
  <testcase name="verifyAddressLabelTest" classname="com.qa.ecommerce.testscripts.RegistrationPageTest">
    <skipped/>
  </testcase> <!-- verifyAddressLabelTest -->
</testsuite> <!-- com.qa.ecommerce.testscripts.RegistrationPageTest -->
