<?xml version="1.0" encoding="UTF-8"?>
<!-- Generated by org.testng.reporters.JUnitReportReporter -->
<testsuite skipped="5" hostname="DESKTOP-CV56B7B" name="com.qa.ecommerce.testscripts.LoginPageTest" tests="6" failures="0" timestamp="21 Feb 2019 12:57:24 GMT" time="76.966" errors="0">
  <testcase name="ExceldataDriven" time="76.966" classname="com.qa.ecommerce.testscripts.LoginPageTest"/>
  <testcase name="logoutTest" classname="com.qa.ecommerce.testscripts.LoginPageTest">
    <skipped/>
  </testcase> <!-- logoutTest -->
  <testcase name="verifyPageTitleTest" classname="com.qa.ecommerce.testscripts.LoginPageTest">
    <skipped/>
  </testcase> <!-- verifyPageTitleTest -->
  <testcase name="verifyforgotpwdLinkTest" classname="com.qa.ecommerce.testscripts.LoginPageTest">
    <skipped/>
  </testcase> <!-- verifyforgotpwdLinkTest -->
  <testcase name="loginTest" classname="com.qa.ecommerce.testscripts.LoginPageTest">
    <skipped/>
  </testcase> <!-- loginTest -->
  <testcase name="LoginTest" classname="com.qa.ecommerce.testscripts.LoginPageTest">
    <skipped/>
  </testcase> <!-- LoginTest -->
</testsuite> <!-- com.qa.ecommerce.testscripts.LoginPageTest -->
